<?xml version="1.0" encoding="UTF-8"?>
<!-- Generated by org.testng.reporters.JUnitXMLReporter -->
<testsuite ignored="1" hostname="IN-T62D640NC7.local" failures="0" tests="4" name="Test" time="5.291" errors="0" timestamp="2023-10-10T22:07:35 IST">
  <testcase classname="testClasses.GoogleMAPAPIsTest" name="verifyAddPlaceAPI" time="3.371"/>
  <testcase classname="testClasses.GoogleMAPAPIsTest" name="verifyAddPlaceAPI" time="0.257"/>
  <testcase classname="testClasses.GoogleMAPAPIsTest" name="verifyUpdatePlaceAPI" time="0.968"/>
  <testcase classname="testClasses.GoogleMAPAPIsTest" name="verifyGetPlaceAPI" time="0.65"/>
  <testcase classname="testClasses.GoogleMAPAPIsTest" name="verifyDeletePlaceAPI" time="0.0">
    <ignored/>
  </testcase> <!-- verifyDeletePlaceAPI -->
</testsuite> <!-- Test -->
