<?xml version="1.0" encoding="UTF-8"?>
<!-- Generated by org.testng.reporters.JUnitXMLReporter -->
<testsuite ignored="0" hostname="IN-T62D640NC7.local" failures="0" tests="5" name="Default test" time="9.909" errors="0" timestamp="2024-01-04T15:21:44 IST">
  <testcase classname="testClasses.GoogleMAPAPIsTest" name="verifyAddPlaceAPI" time="4.253"/>
  <testcase classname="testClasses.GoogleMAPAPIsTest" name="verifyAddPlaceAPI" time="0.377"/>
  <testcase classname="testClasses.GoogleMAPAPIsTest" name="verifyUpdatePlaceAPI" time="1.54"/>
  <testcase classname="testClasses.GoogleMAPAPIsTest" name="verifyGetPlaceAPI" time="1.268"/>
  <testcase classname="testClasses.GoogleMAPAPIsTest" name="verifyDeletePlaceAPI" time="2.414"/>
</testsuite> <!-- Default test -->
